# JRE version: Java(TM) SE Runtime Environment (8.0_65-b17) (build 1.8.0_65-b17)
# Java VM: Java HotSpot(TM) 64-Bit Server VM (25.65-b01 mixed mode windows-amd64 compressed oops)
Heap:
 PSYoungGen      total 169472K, used 137028K [0x00000000e0980000, 0x00000000ecd80000, 0x0000000100000000)
  eden space 147968K, 80% used [0x00000000e0980000,0x00000000e7d3ce00,0x00000000e9a00000)
  from space 21504K, 86% used [0x00000000eb100000,0x00000000ec3143f0,0x00000000ec600000)
  to   space 23552K, 0% used [0x00000000e9a00000,0x00000000e9a00000,0x00000000eb100000)
 ParOldGen       total 61440K, used 34544K [0x00000000a1c00000, 0x00000000a5800000, 0x00000000e0980000)
  object space 61440K, 56% used [0x00000000a1c00000,0x00000000a3dbc2f8,0x00000000a5800000)
 Metaspace       used 23822K, capacity 24118K, committed 24192K, reserved 1071104K
  class space    used 2761K, capacity 2874K, committed 2944K, reserved 1048576K
GC Heap History (10 events):
Event: 10.210 GC heap before
{Heap before GC invocations=9 (full 1):
 PSYoungGen      total 101888K, used 8421K [0x00000000e0980000, 0x00000000e7980000, 0x0000000100000000)
  eden space 89088K, 0% used [0x00000000e0980000,0x00000000e0980000,0x00000000e6080000)
  from space 12800K, 65% used [0x00000000e6d00000,0x00000000e75396f8,0x00000000e7980000)
  to   space 12800K, 0% used [0x00000000e6080000,0x00000000e6080000,0x00000000e6d00000)
 ParOldGen       total 65536K, used 15750K [0x00000000a1c00000, 0x00000000a5c00000, 0x00000000e0980000)
  object space 65536K, 24% used [0x00000000a1c00000,0x00000000a2b61920,0x00000000a5c00000)
 Metaspace       used 20961K, capacity 21182K, committed 21248K, reserved 1069056K
  class space    used 2465K, capacity 2560K, committed 2560K, reserved 1048576K
Event: 10.430 GC heap after
Heap after GC invocations=9 (full 1):
 PSYoungGen      total 101888K, used 0K [0x00000000e0980000, 0x00000000e7980000, 0x0000000100000000)
  eden space 89088K, 0% used [0x00000000e0980000,0x00000000e0980000,0x00000000e6080000)
  from space 12800K, 0% used [0x00000000e6d00000,0x00000000e6d00000,0x00000000e7980000)
  to   space 12800K, 0% used [0x00000000e6080000,0x00000000e6080000,0x00000000e6d00000)
 ParOldGen       total 61440K, used 19545K [0x00000000a1c00000, 0x00000000a5800000, 0x00000000e0980000)
  object space 61440K, 31% used [0x00000000a1c00000,0x00000000a2f16758,0x00000000a5800000)
 Metaspace       used 20961K, capacity 21182K, committed 21248K, reserved 1069056K
  class space    used 2465K, capacity 2560K, committed 2560K, reserved 1048576K
}
Event: 18.800 GC heap before
{Heap before GC invocations=10 (full 1):
 PSYoungGen      total 101888K, used 89088K [0x00000000e0980000, 0x00000000e7980000, 0x0000000100000000)
  eden space 89088K, 100% used [0x00000000e0980000,0x00000000e6080000,0x00000000e6080000)
  from space 12800K, 0% used [0x00000000e6d00000,0x00000000e6d00000,0x00000000e7980000)
  to   space 12800K, 0% used [0x00000000e6080000,0x00000000e6080000,0x00000000e6d00000)
 ParOldGen       total 61440K, used 19545K [0x00000000a1c00000, 0x00000000a5800000, 0x00000000e0980000)
  object space 61440K, 31% used [0x00000000a1c00000,0x00000000a2f16758,0x00000000a5800000)
 Metaspace       used 23715K, capacity 23974K, committed 24192K, reserved 1071104K
  class space    used 2756K, capacity 2871K, committed 2944K, reserved 1048576K
Event: 18.852 GC heap after
Heap after GC invocations=10 (full 1):
 PSYoungGen      total 101888K, used 12787K [0x00000000e0980000, 0x00000000e9880000, 0x0000000100000000)
  eden space 89088K, 0% used [0x00000000e0980000,0x00000000e0980000,0x00000000e6080000)
  from space 12800K, 99% used [0x00000000e6080000,0x00000000e6cfcdb8,0x00000000e6d00000)
  to   space 15360K, 0% used [0x00000000e8980000,0x00000000e8980000,0x00000000e9880000)
 ParOldGen       total 61440K, used 21936K [0x00000000a1c00000, 0x00000000a5800000, 0x00000000e0980000)
  object space 61440K, 35% used [0x00000000a1c00000,0x00000000a316c218,0x00000000a5800000)
 Metaspace       used 23715K, capacity 23974K, committed 24192K, reserved 1071104K
  class space    used 2756K, capacity 2871K, committed 2944K, reserved 1048576K
}
Event: 21.067 GC heap before
{Heap before GC invocations=11 (full 1):
 PSYoungGen      total 101888K, used 101875K [0x00000000e0980000, 0x00000000e9880000, 0x0000000100000000)
  eden space 89088K, 100% used [0x00000000e0980000,0x00000000e6080000,0x00000000e6080000)
  from space 12800K, 99% used [0x00000000e6080000,0x00000000e6cfcdb8,0x00000000e6d00000)
  to   space 15360K, 0% used [0x00000000e8980000,0x00000000e8980000,0x00000000e9880000)
 ParOldGen       total 61440K, used 21936K [0x00000000a1c00000, 0x00000000a5800000, 0x00000000e0980000)
  object space 61440K, 35% used [0x00000000a1c00000,0x00000000a316c218,0x00000000a5800000)
 Metaspace       used 23738K, capacity 23984K, committed 24192K, reserved 1071104K
  class space    used 2759K, capacity 2873K, committed 2944K, reserved 1048576K
Event: 21.114 GC heap after
Heap after GC invocations=11 (full 1):
 PSYoungGen      total 127488K, used 15353K [0x00000000e0980000, 0x00000000e9f80000, 0x0000000100000000)
  eden space 112128K, 0% used [0x00000000e0980000,0x00000000e0980000,0x00000000e7700000)
  from space 15360K, 99% used [0x00000000e8980000,0x00000000e987e440,0x00000000e9880000)
  to   space 18944K, 0% used [0x00000000e7700000,0x00000000e7700000,0x00000000e8980000)
 ParOldGen       total 61440K, used 26544K [0x00000000a1c00000, 0x00000000a5800000, 0x00000000e0980000)
  object space 61440K, 43% used [0x00000000a1c00000,0x00000000a35ec3a0,0x00000000a5800000)
 Metaspace       used 23738K, capacity 23984K, committed 24192K, reserved 1071104K
  class space    used 2759K, capacity 2873K, committed 2944K, reserved 1048576K
}
Event: 22.305 GC heap before
{Heap before GC invocations=12 (full 1):
 PSYoungGen      total 127488K, used 127481K [0x00000000e0980000, 0x00000000e9f80000, 0x0000000100000000)
  eden space 112128K, 100% used [0x00000000e0980000,0x00000000e7700000,0x00000000e7700000)
  from space 15360K, 99% used [0x00000000e8980000,0x00000000e987e440,0x00000000e9880000)
  to   space 18944K, 0% used [0x00000000e7700000,0x00000000e7700000,0x00000000e8980000)
 ParOldGen       total 61440K, used 26544K [0x00000000a1c00000, 0x00000000a5800000, 0x00000000e0980000)
  object space 61440K, 43% used [0x00000000a1c00000,0x00000000a35ec3a0,0x00000000a5800000)
 Metaspace       used 23751K, capacity 24048K, committed 24192K, reserved 1071104K
  class space    used 2761K, capacity 2873K, committed 2944K, reserved 1048576K
Event: 22.363 GC heap after
Heap after GC invocations=12 (full 1):
 PSYoungGen      total 131072K, used 18232K [0x00000000e0980000, 0x00000000ec600000, 0x0000000100000000)
  eden space 112128K, 0% used [0x00000000e0980000,0x00000000e0980000,0x00000000e7700000)
  from space 18944K, 96% used [0x00000000e7700000,0x00000000e88ce398,0x00000000e8980000)
  to   space 21504K, 0% used [0x00000000eb100000,0x00000000eb100000,0x00000000ec600000)
 ParOldGen       total 61440K, used 32632K [0x00000000a1c00000, 0x00000000a5800000, 0x00000000e0980000)
  object space 61440K, 53% used [0x00000000a1c00000,0x00000000a3bde310,0x00000000a5800000)
 Metaspace       used 23751K, capacity 24048K, committed 24192K, reserved 1071104K
  class space    used 2761K, capacity 2873K, committed 2944K, reserved 1048576K
}
Event: 24.129 GC heap before
{Heap before GC invocations=13 (full 1):
 PSYoungGen      total 131072K, used 130360K [0x00000000e0980000, 0x00000000ec600000, 0x0000000100000000)
  eden space 112128K, 100% used [0x00000000e0980000,0x00000000e7700000,0x00000000e7700000)
  from space 18944K, 96% used [0x00000000e7700000,0x00000000e88ce398,0x00000000e8980000)
  to   space 21504K, 0% used [0x00000000eb100000,0x00000000eb100000,0x00000000ec600000)
 ParOldGen       total 61440K, used 32632K [0x00000000a1c00000, 0x00000000a5800000, 0x00000000e0980000)
  object space 61440K, 53% used [0x00000000a1c00000,0x00000000a3bde310,0x00000000a5800000)
 Metaspace       used 23754K, capacity 24048K, committed 24192K, reserved 1071104K
  class space    used 2761K, capacity 2873K, committed 2944K, reserved 1048576K
Event: 24.221 GC heap after
Heap after GC invocations=13 (full 1):
 PSYoungGen      total 169472K, used 18512K [0x00000000e0980000, 0x00000000ecd80000, 0x0000000100000000)
  eden space 147968K, 0% used [0x00000000e0980000,0x00000000e0980000,0x00000000e9a00000)
  from space 21504K, 86% used [0x00000000eb100000,0x00000000ec3143f0,0x00000000ec600000)
  to   space 23552K, 0% used [0x00000000e9a00000,0x00000000e9a00000,0x00000000eb100000)
 ParOldGen       total 61440K, used 34544K [0x00000000a1c00000, 0x00000000a5800000, 0x00000000e0980000)
  object space 61440K, 56% used [0x00000000a1c00000,0x00000000a3dbc2f8,0x00000000a5800000)
 Metaspace       used 23754K, capacity 24048K, committed 24192K, reserved 1071104K
  class space    used 2761K, capacity 2873K, committed 2944K, reserved 1048576K
}

