# JRE version: Java(TM) SE Runtime Environment (8.0_65-b17) (build 1.8.0_65-b17)
# Java VM: Java HotSpot(TM) 64-Bit Server VM (25.65-b01 mixed mode windows-amd64 compressed oops)
Heap:
 PSYoungGen      total 107520K, used 42883K [0x00000000e0980000, 0x00000000e8300000, 0x0000000100000000)
  eden space 92160K, 29% used [0x00000000e0980000,0x00000000e2461820,0x00000000e6380000)
  from space 15360K, 99% used [0x00000000e6380000,0x00000000e727f460,0x00000000e7280000)
  to   space 13824K, 0% used [0x00000000e7280000,0x00000000e7280000,0x00000000e8000000)
 ParOldGen       total 63488K, used 42248K [0x00000000a1c00000, 0x00000000a5a00000, 0x00000000e0980000)
  object space 63488K, 66% used [0x00000000a1c00000,0x00000000a45421c8,0x00000000a5a00000)
 Metaspace       used 24759K, capacity 25078K, committed 25344K, reserved 1071104K
  class space    used 2901K, capacity 3002K, committed 3072K, reserved 1048576K
GC Heap History (10 events):
Event: 60.473 GC heap before
{Heap before GC invocations=18 (full 1):
 PSYoungGen      total 65536K, used 61987K [0x00000000e0980000, 0x00000000e5400000, 0x0000000100000000)
  eden space 54784K, 100% used [0x00000000e0980000,0x00000000e3f00000,0x00000000e3f00000)
  from space 10752K, 66% used [0x00000000e4980000,0x00000000e5088cc0,0x00000000e5400000)
  to   space 10752K, 0% used [0x00000000e3f00000,0x00000000e3f00000,0x00000000e4980000)
 ParOldGen       total 63488K, used 32430K [0x00000000a1c00000, 0x00000000a5a00000, 0x00000000e0980000)
  object space 63488K, 51% used [0x00000000a1c00000,0x00000000a3babaf8,0x00000000a5a00000)
 Metaspace       used 24720K, capacity 25068K, committed 25344K, reserved 1071104K
  class space    used 2896K, capacity 3000K, committed 3072K, reserved 1048576K
Event: 60.542 GC heap after
Heap after GC invocations=18 (full 1):
 PSYoungGen      total 65536K, used 10477K [0x00000000e0980000, 0x00000000e6700000, 0x0000000100000000)
  eden space 54784K, 0% used [0x00000000e0980000,0x00000000e0980000,0x00000000e3f00000)
  from space 10752K, 97% used [0x00000000e3f00000,0x00000000e493b440,0x00000000e4980000)
  to   space 11776K, 0% used [0x00000000e5b80000,0x00000000e5b80000,0x00000000e6700000)
 ParOldGen       total 63488K, used 33972K [0x00000000a1c00000, 0x00000000a5a00000, 0x00000000e0980000)
  object space 63488K, 53% used [0x00000000a1c00000,0x00000000a3d2d340,0x00000000a5a00000)
 Metaspace       used 24720K, capacity 25068K, committed 25344K, reserved 1071104K
  class space    used 2896K, capacity 3000K, committed 3072K, reserved 1048576K
}
Event: 61.551 GC heap before
{Heap before GC invocations=19 (full 1):
 PSYoungGen      total 65536K, used 65261K [0x00000000e0980000, 0x00000000e6700000, 0x0000000100000000)
  eden space 54784K, 100% used [0x00000000e0980000,0x00000000e3f00000,0x00000000e3f00000)
  from space 10752K, 97% used [0x00000000e3f00000,0x00000000e493b440,0x00000000e4980000)
  to   space 11776K, 0% used [0x00000000e5b80000,0x00000000e5b80000,0x00000000e6700000)
 ParOldGen       total 63488K, used 33972K [0x00000000a1c00000, 0x00000000a5a00000, 0x00000000e0980000)
  object space 63488K, 53% used [0x00000000a1c00000,0x00000000a3d2d340,0x00000000a5a00000)
 Metaspace       used 24729K, capacity 25070K, committed 25344K, reserved 1071104K
  class space    used 2897K, capacity 3002K, committed 3072K, reserved 1048576K
Event: 61.583 GC heap after
Heap after GC invocations=19 (full 1):
 PSYoungGen      total 82944K, used 10465K [0x00000000e0980000, 0x00000000e6900000, 0x0000000100000000)
  eden space 71168K, 0% used [0x00000000e0980000,0x00000000e0980000,0x00000000e4f00000)
  from space 11776K, 88% used [0x00000000e5b80000,0x00000000e65b87b0,0x00000000e6700000)
  to   space 12800K, 0% used [0x00000000e4f00000,0x00000000e4f00000,0x00000000e5b80000)
 ParOldGen       total 63488K, used 36170K [0x00000000a1c00000, 0x00000000a5a00000, 0x00000000e0980000)
  object space 63488K, 56% used [0x00000000a1c00000,0x00000000a3f52a60,0x00000000a5a00000)
 Metaspace       used 24729K, capacity 25070K, committed 25344K, reserved 1071104K
  class space    used 2897K, capacity 3002K, committed 3072K, reserved 1048576K
}
Event: 62.529 GC heap before
{Heap before GC invocations=20 (full 1):
 PSYoungGen      total 82944K, used 81633K [0x00000000e0980000, 0x00000000e6900000, 0x0000000100000000)
  eden space 71168K, 100% used [0x00000000e0980000,0x00000000e4f00000,0x00000000e4f00000)
  from space 11776K, 88% used [0x00000000e5b80000,0x00000000e65b87b0,0x00000000e6700000)
  to   space 12800K, 0% used [0x00000000e4f00000,0x00000000e4f00000,0x00000000e5b80000)
 ParOldGen       total 63488K, used 36170K [0x00000000a1c00000, 0x00000000a5a00000, 0x00000000e0980000)
  object space 63488K, 56% used [0x00000000a1c00000,0x00000000a3f52a60,0x00000000a5a00000)
 Metaspace       used 24746K, capacity 25078K, committed 25344K, reserved 1071104K
  class space    used 2899K, capacity 3002K, committed 3072K, reserved 1048576K
Event: 62.555 GC heap after
Heap after GC invocations=20 (full 1):
 PSYoungGen      total 83968K, used 12460K [0x00000000e0980000, 0x00000000e8000000, 0x0000000100000000)
  eden space 71168K, 0% used [0x00000000e0980000,0x00000000e0980000,0x00000000e4f00000)
  from space 12800K, 97% used [0x00000000e4f00000,0x00000000e5b2b048,0x00000000e5b80000)
  to   space 13824K, 0% used [0x00000000e7280000,0x00000000e7280000,0x00000000e8000000)
 ParOldGen       total 63488K, used 37915K [0x00000000a1c00000, 0x00000000a5a00000, 0x00000000e0980000)
  object space 63488K, 59% used [0x00000000a1c00000,0x00000000a4106f58,0x00000000a5a00000)
 Metaspace       used 24746K, capacity 25078K, committed 25344K, reserved 1071104K
  class space    used 2899K, capacity 3002K, committed 3072K, reserved 1048576K
}
Event: 63.124 GC heap before
{Heap before GC invocations=21 (full 1):
 PSYoungGen      total 83968K, used 83628K [0x00000000e0980000, 0x00000000e8000000, 0x0000000100000000)
  eden space 71168K, 100% used [0x00000000e0980000,0x00000000e4f00000,0x00000000e4f00000)
  from space 12800K, 97% used [0x00000000e4f00000,0x00000000e5b2b048,0x00000000e5b80000)
  to   space 13824K, 0% used [0x00000000e7280000,0x00000000e7280000,0x00000000e8000000)
 ParOldGen       total 63488K, used 37915K [0x00000000a1c00000, 0x00000000a5a00000, 0x00000000e0980000)
  object space 63488K, 59% used [0x00000000a1c00000,0x00000000a4106f58,0x00000000a5a00000)
 Metaspace       used 24747K, capacity 25078K, committed 25344K, reserved 1071104K
  class space    used 2899K, capacity 3002K, committed 3072K, reserved 1048576K
Event: 63.141 GC heap after
Heap after GC invocations=21 (full 1):
 PSYoungGen      total 105984K, used 12477K [0x00000000e0980000, 0x00000000e8300000, 0x0000000100000000)
  eden space 92160K, 0% used [0x00000000e0980000,0x00000000e0980000,0x00000000e6380000)
  from space 13824K, 90% used [0x00000000e7280000,0x00000000e7eaf540,0x00000000e8000000)
  to   space 15360K, 0% used [0x00000000e6380000,0x00000000e6380000,0x00000000e7280000)
 ParOldGen       total 63488K, used 39963K [0x00000000a1c00000, 0x00000000a5a00000, 0x00000000e0980000)
  object space 63488K, 62% used [0x00000000a1c00000,0x00000000a4306ef8,0x00000000a5a00000)
 Metaspace       used 24747K, capacity 25078K, committed 25344K, reserved 1071104K
  class space    used 2899K, capacity 3002K, committed 3072K, reserved 1048576K
}
Event: 63.707 GC heap before
{Heap before GC invocations=22 (full 1):
 PSYoungGen      total 105984K, used 104637K [0x00000000e0980000, 0x00000000e8300000, 0x0000000100000000)
  eden space 92160K, 100% used [0x00000000e0980000,0x00000000e6380000,0x00000000e6380000)
  from space 13824K, 90% used [0x00000000e7280000,0x00000000e7eaf540,0x00000000e8000000)
  to   space 15360K, 0% used [0x00000000e6380000,0x00000000e6380000,0x00000000e7280000)
 ParOldGen       total 63488K, used 39963K [0x00000000a1c00000, 0x00000000a5a00000, 0x00000000e0980000)
  object space 63488K, 62% used [0x00000000a1c00000,0x00000000a4306ef8,0x00000000a5a00000)
 Metaspace       used 24749K, capacity 25078K, committed 25344K, reserved 1071104K
  class space    used 2899K, capacity 3002K, committed 3072K, reserved 1048576K
Event: 63.734 GC heap after
Heap after GC invocations=22 (full 1):
 PSYoungGen      total 107520K, used 15357K [0x00000000e0980000, 0x00000000e8300000, 0x0000000100000000)
  eden space 92160K, 0% used [0x00000000e0980000,0x00000000e0980000,0x00000000e6380000)
  from space 15360K, 99% used [0x00000000e6380000,0x00000000e727f460,0x00000000e7280000)
  to   space 13824K, 0% used [0x00000000e7280000,0x00000000e7280000,0x00000000e8000000)
 ParOldGen       total 63488K, used 42248K [0x00000000a1c00000, 0x00000000a5a00000, 0x00000000e0980000)
  object space 63488K, 66% used [0x00000000a1c00000,0x00000000a45421c8,0x00000000a5a00000)
 Metaspace       used 24749K, capacity 25078K, committed 25344K, reserved 1071104K
  class space    used 2899K, capacity 3002K, committed 3072K, reserved 1048576K
}

