# JRE version: Java(TM) SE Runtime Environment (8.0_65-b17) (build 1.8.0_65-b17)
# Java VM: Java HotSpot(TM) 64-Bit Server VM (25.65-b01 mixed mode windows-amd64 compressed oops)
Heap:
 PSYoungGen      total 168448K, used 98785K [0x00000000e0980000, 0x00000000efc80000, 0x0000000100000000)
  eden space 144896K, 52% used [0x00000000e0980000,0x00000000e533a7f0,0x00000000e9700000)
  from space 23552K, 98% used [0x00000000e9700000,0x00000000eadbdcf0,0x00000000eae00000)
  to   space 26624K, 0% used [0x00000000ee280000,0x00000000ee280000,0x00000000efc80000)
 ParOldGen       total 62976K, used 41502K [0x00000000a1c00000, 0x00000000a5980000, 0x00000000e0980000)
  object space 62976K, 65% used [0x00000000a1c00000,0x00000000a44878e8,0x00000000a5980000)
 Metaspace       used 26622K, capacity 27014K, committed 27184K, reserved 1073152K
  class space    used 3118K, capacity 3267K, committed 3376K, reserved 1048576K
GC Heap History (10 events):
Event: 15.858 GC heap before
{Heap before GC invocations=10 (full 1):
 PSYoungGen      total 100864K, used 88064K [0x00000000e0980000, 0x00000000e7880000, 0x0000000100000000)
  eden space 88064K, 100% used [0x00000000e0980000,0x00000000e5f80000,0x00000000e5f80000)
  from space 12800K, 0% used [0x00000000e6c00000,0x00000000e6c00000,0x00000000e7880000)
  to   space 12800K, 0% used [0x00000000e5f80000,0x00000000e5f80000,0x00000000e6c00000)
 ParOldGen       total 62976K, used 19719K [0x00000000a1c00000, 0x00000000a5980000, 0x00000000e0980000)
  object space 62976K, 31% used [0x00000000a1c00000,0x00000000a2f41e70,0x00000000a5980000)
 Metaspace       used 24636K, capacity 24936K, committed 25136K, reserved 1071104K
  class space    used 2892K, capacity 3000K, committed 3120K, reserved 1048576K
Event: 15.878 GC heap after
Heap after GC invocations=10 (full 1):
 PSYoungGen      total 100864K, used 12791K [0x00000000e0980000, 0x00000000e9600000, 0x0000000100000000)
  eden space 88064K, 0% used [0x00000000e0980000,0x00000000e0980000,0x00000000e5f80000)
  from space 12800K, 99% used [0x00000000e5f80000,0x00000000e6bfdc80,0x00000000e6c00000)
  to   space 15872K, 0% used [0x00000000e8680000,0x00000000e8680000,0x00000000e9600000)
 ParOldGen       total 62976K, used 22903K [0x00000000a1c00000, 0x00000000a5980000, 0x00000000e0980000)
  object space 62976K, 36% used [0x00000000a1c00000,0x00000000a325de80,0x00000000a5980000)
 Metaspace       used 24636K, capacity 24936K, committed 25136K, reserved 1071104K
  class space    used 2892K, capacity 3000K, committed 3120K, reserved 1048576K
}
Event: 16.437 GC heap before
{Heap before GC invocations=11 (full 1):
 PSYoungGen      total 100864K, used 100855K [0x00000000e0980000, 0x00000000e9600000, 0x0000000100000000)
  eden space 88064K, 100% used [0x00000000e0980000,0x00000000e5f80000,0x00000000e5f80000)
  from space 12800K, 99% used [0x00000000e5f80000,0x00000000e6bfdc80,0x00000000e6c00000)
  to   space 15872K, 0% used [0x00000000e8680000,0x00000000e8680000,0x00000000e9600000)
 ParOldGen       total 62976K, used 22903K [0x00000000a1c00000, 0x00000000a5980000, 0x00000000e0980000)
  object space 62976K, 36% used [0x00000000a1c00000,0x00000000a325de80,0x00000000a5980000)
 Metaspace       used 24646K, capacity 24936K, committed 25136K, reserved 1071104K
  class space    used 2892K, capacity 3000K, committed 3120K, reserved 1048576K
Event: 16.461 GC heap after
Heap after GC invocations=11 (full 1):
 PSYoungGen      total 123904K, used 15845K [0x00000000e0980000, 0x00000000ea280000, 0x0000000100000000)
  eden space 108032K, 0% used [0x00000000e0980000,0x00000000e0980000,0x00000000e7300000)
  from space 15872K, 99% used [0x00000000e8680000,0x00000000e95f95f0,0x00000000e9600000)
  to   space 19968K, 0% used [0x00000000e7300000,0x00000000e7300000,0x00000000e8680000)
 ParOldGen       total 62976K, used 28004K [0x00000000a1c00000, 0x00000000a5980000, 0x00000000e0980000)
  object space 62976K, 44% used [0x00000000a1c00000,0x00000000a37591a8,0x00000000a5980000)
 Metaspace       used 24646K, capacity 24936K, committed 25136K, reserved 1071104K
  class space    used 2892K, capacity 3000K, committed 3120K, reserved 1048576K
}
Event: 18.672 GC heap before
{Heap before GC invocations=12 (full 1):
 PSYoungGen      total 123904K, used 123877K [0x00000000e0980000, 0x00000000ea280000, 0x0000000100000000)
  eden space 108032K, 100% used [0x00000000e0980000,0x00000000e7300000,0x00000000e7300000)
  from space 15872K, 99% used [0x00000000e8680000,0x00000000e95f95f0,0x00000000e9600000)
  to   space 19968K, 0% used [0x00000000e7300000,0x00000000e7300000,0x00000000e8680000)
 ParOldGen       total 62976K, used 28004K [0x00000000a1c00000, 0x00000000a5980000, 0x00000000e0980000)
  object space 62976K, 44% used [0x00000000a1c00000,0x00000000a37591a8,0x00000000a5980000)
 Metaspace       used 24670K, capacity 24946K, committed 25136K, reserved 1071104K
  class space    used 2896K, capacity 3002K, committed 3120K, reserved 1048576K
Event: 18.777 GC heap after
Heap after GC invocations=12 (full 1):
 PSYoungGen      total 128000K, used 17205K [0x00000000e0980000, 0x00000000ec300000, 0x0000000100000000)
  eden space 108032K, 0% used [0x00000000e0980000,0x00000000e0980000,0x00000000e7300000)
  from space 19968K, 86% used [0x00000000e7300000,0x00000000e83cd418,0x00000000e8680000)
  to   space 21504K, 0% used [0x00000000eae00000,0x00000000eae00000,0x00000000ec300000)
 ParOldGen       total 62976K, used 36156K [0x00000000a1c00000, 0x00000000a5980000, 0x00000000e0980000)
  object space 62976K, 57% used [0x00000000a1c00000,0x00000000a3f4f2b0,0x00000000a5980000)
 Metaspace       used 24670K, capacity 24946K, committed 25136K, reserved 1071104K
  class space    used 2896K, capacity 3002K, committed 3120K, reserved 1048576K
}
Event: 20.587 GC heap before
{Heap before GC invocations=13 (full 1):
 PSYoungGen      total 128000K, used 125237K [0x00000000e0980000, 0x00000000ec300000, 0x0000000100000000)
  eden space 108032K, 100% used [0x00000000e0980000,0x00000000e7300000,0x00000000e7300000)
  from space 19968K, 86% used [0x00000000e7300000,0x00000000e83cd418,0x00000000e8680000)
  to   space 21504K, 0% used [0x00000000eae00000,0x00000000eae00000,0x00000000ec300000)
 ParOldGen       total 62976K, used 36156K [0x00000000a1c00000, 0x00000000a5980000, 0x00000000e0980000)
  object space 62976K, 57% used [0x00000000a1c00000,0x00000000a3f4f2b0,0x00000000a5980000)
 Metaspace       used 24673K, capacity 24946K, committed 25136K, reserved 1071104K
  class space    used 2896K, capacity 3002K, committed 3120K, reserved 1048576K
Event: 20.636 GC heap after
Heap after GC invocations=13 (full 1):
 PSYoungGen      total 166400K, used 17919K [0x00000000e0980000, 0x00000000ec700000, 0x0000000100000000)
  eden space 144896K, 0% used [0x00000000e0980000,0x00000000e0980000,0x00000000e9700000)
  from space 21504K, 83% used [0x00000000eae00000,0x00000000ebf7fc20,0x00000000ec300000)
  to   space 23552K, 0% used [0x00000000e9700000,0x00000000e9700000,0x00000000eae00000)
 ParOldGen       total 62976K, used 39067K [0x00000000a1c00000, 0x00000000a5980000, 0x00000000e0980000)
  object space 62976K, 62% used [0x00000000a1c00000,0x00000000a4226ee8,0x00000000a5980000)
 Metaspace       used 24673K, capacity 24946K, committed 25136K, reserved 1071104K
  class space    used 2896K, capacity 3002K, committed 3120K, reserved 1048576K
}
Event: 21.985 GC heap before
{Heap before GC invocations=14 (full 1):
 PSYoungGen      total 166400K, used 162815K [0x00000000e0980000, 0x00000000ec700000, 0x0000000100000000)
  eden space 144896K, 100% used [0x00000000e0980000,0x00000000e9700000,0x00000000e9700000)
  from space 21504K, 83% used [0x00000000eae00000,0x00000000ebf7fc20,0x00000000ec300000)
  to   space 23552K, 0% used [0x00000000e9700000,0x00000000e9700000,0x00000000eae00000)
 ParOldGen       total 62976K, used 39067K [0x00000000a1c00000, 0x00000000a5980000, 0x00000000e0980000)
  object space 62976K, 62% used [0x00000000a1c00000,0x00000000a4226ee8,0x00000000a5980000)
 Metaspace       used 24678K, capacity 24946K, committed 25136K, reserved 1071104K
  class space    used 2897K, capacity 3002K, committed 3120K, reserved 1048576K
Event: 22.015 GC heap after
Heap after GC invocations=14 (full 1):
 PSYoungGen      total 168448K, used 23287K [0x00000000e0980000, 0x00000000efc80000, 0x0000000100000000)
  eden space 144896K, 0% used [0x00000000e0980000,0x00000000e0980000,0x00000000e9700000)
  from space 23552K, 98% used [0x00000000e9700000,0x00000000eadbdcf0,0x00000000eae00000)
  to   space 26624K, 0% used [0x00000000ee280000,0x00000000ee280000,0x00000000efc80000)
 ParOldGen       total 62976K, used 41502K [0x00000000a1c00000, 0x00000000a5980000, 0x00000000e0980000)
  object space 62976K, 65% used [0x00000000a1c00000,0x00000000a44878e8,0x00000000a5980000)
 Metaspace       used 24678K, capacity 24946K, committed 25136K, reserved 1071104K
  class space    used 2897K, capacity 3002K, committed 3120K, reserved 1048576K
}

