# JRE version: Java(TM) SE Runtime Environment (8.0_65-b17) (build 1.8.0_65-b17)
# Java VM: Java HotSpot(TM) 64-Bit Server VM (25.65-b01 mixed mode windows-amd64 compressed oops)
Heap:
 PSYoungGen      total 66560K, used 24521K [0x00000000e0980000, 0x00000000e6780000, 0x0000000100000000)
  eden space 55296K, 25% used [0x00000000e0980000,0x00000000e1779968,0x00000000e3f80000)
  from space 11264K, 90% used [0x00000000e3f80000,0x00000000e4978e48,0x00000000e4a80000)
  to   space 12288K, 0% used [0x00000000e5b80000,0x00000000e5b80000,0x00000000e6780000)
 ParOldGen       total 64512K, used 33712K [0x00000000a1c00000, 0x00000000a5b00000, 0x00000000e0980000)
  object space 64512K, 52% used [0x00000000a1c00000,0x00000000a3cec278,0x00000000a5b00000)
 Metaspace       used 24692K, capacity 24936K, committed 25136K, reserved 1071104K
  class space    used 2898K, capacity 3000K, committed 3120K, reserved 1048576K
GC Heap History (10 events):
Event: 37.545 GC heap before
{Heap before GC invocations=14 (full 1):
 PSYoungGen      total 36864K, used 32739K [0x00000000e0980000, 0x00000000e3900000, 0x0000000100000000)
  eden space 25600K, 100% used [0x00000000e0980000,0x00000000e2280000,0x00000000e2280000)
  from space 11264K, 63% used [0x00000000e2d00000,0x00000000e33f8c08,0x00000000e3800000)
  to   space 10752K, 0% used [0x00000000e2280000,0x00000000e2280000,0x00000000e2d00000)
 ParOldGen       total 64512K, used 20212K [0x00000000a1c00000, 0x00000000a5b00000, 0x00000000e0980000)
  object space 64512K, 31% used [0x00000000a1c00000,0x00000000a2fbd0a8,0x00000000a5b00000)
 Metaspace       used 23826K, capacity 24066K, committed 24240K, reserved 1071104K
  class space    used 2810K, capacity 2903K, committed 2992K, reserved 1048576K
Event: 37.570 GC heap after
Heap after GC invocations=14 (full 1):
 PSYoungGen      total 36352K, used 6305K [0x00000000e0980000, 0x00000000e4300000, 0x0000000100000000)
  eden space 25600K, 0% used [0x00000000e0980000,0x00000000e0980000,0x00000000e2280000)
  from space 10752K, 58% used [0x00000000e2280000,0x00000000e28a8720,0x00000000e2d00000)
  to   space 10752K, 0% used [0x00000000e3880000,0x00000000e3880000,0x00000000e4300000)
 ParOldGen       total 64512K, used 22837K [0x00000000a1c00000, 0x00000000a5b00000, 0x00000000e0980000)
  object space 64512K, 35% used [0x00000000a1c00000,0x00000000a324d700,0x00000000a5b00000)
 Metaspace       used 23826K, capacity 24066K, committed 24240K, reserved 1071104K
  class space    used 2810K, capacity 2903K, committed 2992K, reserved 1048576K
}
Event: 38.118 GC heap before
{Heap before GC invocations=15 (full 1):
 PSYoungGen      total 36352K, used 31905K [0x00000000e0980000, 0x00000000e4300000, 0x0000000100000000)
  eden space 25600K, 100% used [0x00000000e0980000,0x00000000e2280000,0x00000000e2280000)
  from space 10752K, 58% used [0x00000000e2280000,0x00000000e28a8720,0x00000000e2d00000)
  to   space 10752K, 0% used [0x00000000e3880000,0x00000000e3880000,0x00000000e4300000)
 ParOldGen       total 64512K, used 22837K [0x00000000a1c00000, 0x00000000a5b00000, 0x00000000e0980000)
  object space 64512K, 35% used [0x00000000a1c00000,0x00000000a324d700,0x00000000a5b00000)
 Metaspace       used 23831K, capacity 24066K, committed 24240K, reserved 1071104K
  class space    used 2811K, capacity 2903K, committed 2992K, reserved 1048576K
Event: 38.144 GC heap after
Heap after GC invocations=15 (full 1):
 PSYoungGen      total 48128K, used 4916K [0x00000000e0980000, 0x00000000e4280000, 0x0000000100000000)
  eden space 37888K, 0% used [0x00000000e0980000,0x00000000e0980000,0x00000000e2e80000)
  from space 10240K, 48% used [0x00000000e3880000,0x00000000e3d4d2d8,0x00000000e4280000)
  to   space 10240K, 0% used [0x00000000e2e80000,0x00000000e2e80000,0x00000000e3880000)
 ParOldGen       total 64512K, used 25207K [0x00000000a1c00000, 0x00000000a5b00000, 0x00000000e0980000)
  object space 64512K, 39% used [0x00000000a1c00000,0x00000000a349dc70,0x00000000a5b00000)
 Metaspace       used 23831K, capacity 24066K, committed 24240K, reserved 1071104K
  class space    used 2811K, capacity 2903K, committed 2992K, reserved 1048576K
}
Event: 39.221 GC heap before
{Heap before GC invocations=16 (full 1):
 PSYoungGen      total 48128K, used 42804K [0x00000000e0980000, 0x00000000e4280000, 0x0000000100000000)
  eden space 37888K, 100% used [0x00000000e0980000,0x00000000e2e80000,0x00000000e2e80000)
  from space 10240K, 48% used [0x00000000e3880000,0x00000000e3d4d2d8,0x00000000e4280000)
  to   space 10240K, 0% used [0x00000000e2e80000,0x00000000e2e80000,0x00000000e3880000)
 ParOldGen       total 64512K, used 25207K [0x00000000a1c00000, 0x00000000a5b00000, 0x00000000e0980000)
  object space 64512K, 39% used [0x00000000a1c00000,0x00000000a349dc70,0x00000000a5b00000)
 Metaspace       used 24675K, capacity 24936K, committed 25136K, reserved 1071104K
  class space    used 2896K, capacity 3000K, committed 3120K, reserved 1048576K
Event: 39.248 GC heap after
Heap after GC invocations=16 (full 1):
 PSYoungGen      total 48128K, used 8958K [0x00000000e0980000, 0x00000000e5600000, 0x0000000100000000)
  eden space 37888K, 0% used [0x00000000e0980000,0x00000000e0980000,0x00000000e2e80000)
  from space 10240K, 87% used [0x00000000e2e80000,0x00000000e373f8a0,0x00000000e3880000)
  to   space 11264K, 0% used [0x00000000e4b00000,0x00000000e4b00000,0x00000000e5600000)
 ParOldGen       total 64512K, used 26752K [0x00000000a1c00000, 0x00000000a5b00000, 0x00000000e0980000)
  object space 64512K, 41% used [0x00000000a1c00000,0x00000000a36200b8,0x00000000a5b00000)
 Metaspace       used 24675K, capacity 24936K, committed 25136K, reserved 1071104K
  class space    used 2896K, capacity 3000K, committed 3120K, reserved 1048576K
}
Event: 42.104 GC heap before
{Heap before GC invocations=17 (full 1):
 PSYoungGen      total 48128K, used 46846K [0x00000000e0980000, 0x00000000e5600000, 0x0000000100000000)
  eden space 37888K, 100% used [0x00000000e0980000,0x00000000e2e80000,0x00000000e2e80000)
  from space 10240K, 87% used [0x00000000e2e80000,0x00000000e373f8a0,0x00000000e3880000)
  to   space 11264K, 0% used [0x00000000e4b00000,0x00000000e4b00000,0x00000000e5600000)
 ParOldGen       total 64512K, used 26752K [0x00000000a1c00000, 0x00000000a5b00000, 0x00000000e0980000)
  object space 64512K, 41% used [0x00000000a1c00000,0x00000000a36200b8,0x00000000a5b00000)
 Metaspace       used 24685K, capacity 24936K, committed 25136K, reserved 1071104K
  class space    used 2896K, capacity 3000K, committed 3120K, reserved 1048576K
Event: 42.142 GC heap after
Heap after GC invocations=17 (full 1):
 PSYoungGen      total 66048K, used 7656K [0x00000000e0980000, 0x00000000e5580000, 0x0000000100000000)
  eden space 55296K, 0% used [0x00000000e0980000,0x00000000e0980000,0x00000000e3f80000)
  from space 10752K, 71% used [0x00000000e4b00000,0x00000000e527a230,0x00000000e5580000)
  to   space 11264K, 0% used [0x00000000e3f80000,0x00000000e3f80000,0x00000000e4a80000)
 ParOldGen       total 64512K, used 31298K [0x00000000a1c00000, 0x00000000a5b00000, 0x00000000e0980000)
  object space 64512K, 48% used [0x00000000a1c00000,0x00000000a3a90878,0x00000000a5b00000)
 Metaspace       used 24685K, capacity 24936K, committed 25136K, reserved 1071104K
  class space    used 2896K, capacity 3000K, committed 3120K, reserved 1048576K
}
Event: 43.337 GC heap before
{Heap before GC invocations=18 (full 1):
 PSYoungGen      total 66048K, used 62952K [0x00000000e0980000, 0x00000000e5580000, 0x0000000100000000)
  eden space 55296K, 100% used [0x00000000e0980000,0x00000000e3f80000,0x00000000e3f80000)
  from space 10752K, 71% used [0x00000000e4b00000,0x00000000e527a230,0x00000000e5580000)
  to   space 11264K, 0% used [0x00000000e3f80000,0x00000000e3f80000,0x00000000e4a80000)
 ParOldGen       total 64512K, used 31298K [0x00000000a1c00000, 0x00000000a5b00000, 0x00000000e0980000)
  object space 64512K, 48% used [0x00000000a1c00000,0x00000000a3a90878,0x00000000a5b00000)
 Metaspace       used 24685K, capacity 24936K, committed 25136K, reserved 1071104K
  class space    used 2896K, capacity 3000K, committed 3120K, reserved 1048576K
Event: 43.364 GC heap after
Heap after GC invocations=18 (full 1):
 PSYoungGen      total 66560K, used 10211K [0x00000000e0980000, 0x00000000e6780000, 0x0000000100000000)
  eden space 55296K, 0% used [0x00000000e0980000,0x00000000e0980000,0x00000000e3f80000)
  from space 11264K, 90% used [0x00000000e3f80000,0x00000000e4978e48,0x00000000e4a80000)
  to   space 12288K, 0% used [0x00000000e5b80000,0x00000000e5b80000,0x00000000e6780000)
 ParOldGen       total 64512K, used 33712K [0x00000000a1c00000, 0x00000000a5b00000, 0x00000000e0980000)
  object space 64512K, 52% used [0x00000000a1c00000,0x00000000a3cec278,0x00000000a5b00000)
 Metaspace       used 24685K, capacity 24936K, committed 25136K, reserved 1071104K
  class space    used 2896K, capacity 3000K, committed 3120K, reserved 1048576K
}

