# JRE version: Java(TM) SE Runtime Environment (8.0_65-b17) (build 1.8.0_65-b17)
# Java VM: Java HotSpot(TM) 64-Bit Server VM (25.65-b01 mixed mode windows-amd64 compressed oops)
Heap:
 PSYoungGen      total 125952K, used 40274K [0x00000000e0980000, 0x00000000ece00000, 0x0000000100000000)
  eden space 108544K, 21% used [0x00000000e0980000,0x00000000e1fd73f8,0x00000000e7380000)
  from space 17408K, 99% used [0x00000000e7380000,0x00000000e847d5f0,0x00000000e8480000)
  to   space 20480K, 0% used [0x00000000eba00000,0x00000000eba00000,0x00000000ece00000)
 ParOldGen       total 58368K, used 33753K [0x00000000a1c00000, 0x00000000a5500000, 0x00000000e0980000)
  object space 58368K, 57% used [0x00000000a1c00000,0x00000000a3cf6708,0x00000000a5500000)
 Metaspace       used 23849K, capacity 24182K, committed 24448K, reserved 1071104K
  class space    used 2762K, capacity 2874K, committed 2944K, reserved 1048576K
GC Heap History (10 events):
Event: 35.817 GC heap before
{Heap before GC invocations=12 (full 1):
 PSYoungGen      total 62976K, used 62817K [0x00000000e0980000, 0x00000000e5a80000, 0x0000000100000000)
  eden space 55808K, 100% used [0x00000000e0980000,0x00000000e4000000,0x00000000e4000000)
  from space 7168K, 97% used [0x00000000e5380000,0x00000000e5a58588,0x00000000e5a80000)
  to   space 11264K, 0% used [0x00000000e4480000,0x00000000e4480000,0x00000000e4f80000)
 ParOldGen       total 58368K, used 19715K [0x00000000a1c00000, 0x00000000a5500000, 0x00000000e0980000)
  object space 58368K, 33% used [0x00000000a1c00000,0x00000000a2f40e40,0x00000000a5500000)
 Metaspace       used 22957K, capacity 23302K, committed 23552K, reserved 1071104K
  class space    used 2672K, capacity 2775K, committed 2816K, reserved 1048576K
Event: 35.839 GC heap after
Heap after GC invocations=12 (full 1):
 PSYoungGen      total 71680K, used 10336K [0x00000000e0980000, 0x00000000e6e00000, 0x0000000100000000)
  eden space 60416K, 0% used [0x00000000e0980000,0x00000000e0980000,0x00000000e4480000)
  from space 11264K, 91% used [0x00000000e4480000,0x00000000e4e98180,0x00000000e4f80000)
  to   space 12288K, 0% used [0x00000000e6200000,0x00000000e6200000,0x00000000e6e00000)
 ParOldGen       total 58368K, used 22137K [0x00000000a1c00000, 0x00000000a5500000, 0x00000000e0980000)
  object space 58368K, 37% used [0x00000000a1c00000,0x00000000a319e7e0,0x00000000a5500000)
 Metaspace       used 22957K, capacity 23302K, committed 23552K, reserved 1071104K
  class space    used 2672K, capacity 2775K, committed 2816K, reserved 1048576K
}
Event: 37.763 GC heap before
{Heap before GC invocations=13 (full 1):
 PSYoungGen      total 71680K, used 70752K [0x00000000e0980000, 0x00000000e6e00000, 0x0000000100000000)
  eden space 60416K, 100% used [0x00000000e0980000,0x00000000e4480000,0x00000000e4480000)
  from space 11264K, 91% used [0x00000000e4480000,0x00000000e4e98180,0x00000000e4f80000)
  to   space 12288K, 0% used [0x00000000e6200000,0x00000000e6200000,0x00000000e6e00000)
 ParOldGen       total 58368K, used 22137K [0x00000000a1c00000, 0x00000000a5500000, 0x00000000e0980000)
  object space 58368K, 37% used [0x00000000a1c00000,0x00000000a319e7e0,0x00000000a5500000)
 Metaspace       used 22958K, capacity 23302K, committed 23552K, reserved 1071104K
  class space    used 2672K, capacity 2775K, committed 2816K, reserved 1048576K
Event: 37.802 GC heap after
Heap after GC invocations=13 (full 1):
 PSYoungGen      total 89600K, used 11432K [0x00000000e0980000, 0x00000000e7700000, 0x0000000100000000)
  eden space 77312K, 0% used [0x00000000e0980000,0x00000000e0980000,0x00000000e5500000)
  from space 12288K, 93% used [0x00000000e6200000,0x00000000e6d2a228,0x00000000e6e00000)
  to   space 13312K, 0% used [0x00000000e5500000,0x00000000e5500000,0x00000000e6200000)
 ParOldGen       total 58368K, used 23479K [0x00000000a1c00000, 0x00000000a5500000, 0x00000000e0980000)
  object space 58368K, 40% used [0x00000000a1c00000,0x00000000a32edd38,0x00000000a5500000)
 Metaspace       used 22958K, capacity 23302K, committed 23552K, reserved 1071104K
  class space    used 2672K, capacity 2775K, committed 2816K, reserved 1048576K
}
Event: 40.335 GC heap before
{Heap before GC invocations=14 (full 1):
 PSYoungGen      total 89600K, used 88744K [0x00000000e0980000, 0x00000000e7700000, 0x0000000100000000)
  eden space 77312K, 100% used [0x00000000e0980000,0x00000000e5500000,0x00000000e5500000)
  from space 12288K, 93% used [0x00000000e6200000,0x00000000e6d2a228,0x00000000e6e00000)
  to   space 13312K, 0% used [0x00000000e5500000,0x00000000e5500000,0x00000000e6200000)
 ParOldGen       total 58368K, used 23479K [0x00000000a1c00000, 0x00000000a5500000, 0x00000000e0980000)
  object space 58368K, 40% used [0x00000000a1c00000,0x00000000a32edd38,0x00000000a5500000)
 Metaspace       used 23833K, capacity 24182K, committed 24448K, reserved 1071104K
  class space    used 2759K, capacity 2874K, committed 2944K, reserved 1048576K
Event: 40.380 GC heap after
Heap after GC invocations=14 (full 1):
 PSYoungGen      total 90624K, used 13287K [0x00000000e0980000, 0x00000000e9400000, 0x0000000100000000)
  eden space 77312K, 0% used [0x00000000e0980000,0x00000000e0980000,0x00000000e5500000)
  from space 13312K, 99% used [0x00000000e5500000,0x00000000e61f9ce8,0x00000000e6200000)
  to   space 15872K, 0% used [0x00000000e8480000,0x00000000e8480000,0x00000000e9400000)
 ParOldGen       total 58368K, used 26288K [0x00000000a1c00000, 0x00000000a5500000, 0x00000000e0980000)
  object space 58368K, 45% used [0x00000000a1c00000,0x00000000a35ac2f8,0x00000000a5500000)
 Metaspace       used 23833K, capacity 24182K, committed 24448K, reserved 1071104K
  class space    used 2759K, capacity 2874K, committed 2944K, reserved 1048576K
}
Event: 41.452 GC heap before
{Heap before GC invocations=15 (full 1):
 PSYoungGen      total 90624K, used 90599K [0x00000000e0980000, 0x00000000e9400000, 0x0000000100000000)
  eden space 77312K, 100% used [0x00000000e0980000,0x00000000e5500000,0x00000000e5500000)
  from space 13312K, 99% used [0x00000000e5500000,0x00000000e61f9ce8,0x00000000e6200000)
  to   space 15872K, 0% used [0x00000000e8480000,0x00000000e8480000,0x00000000e9400000)
 ParOldGen       total 58368K, used 26288K [0x00000000a1c00000, 0x00000000a5500000, 0x00000000e0980000)
  object space 58368K, 45% used [0x00000000a1c00000,0x00000000a35ac2f8,0x00000000a5500000)
 Metaspace       used 23833K, capacity 24182K, committed 24448K, reserved 1071104K
  class space    used 2759K, capacity 2874K, committed 2944K, reserved 1048576K
Event: 41.503 GC heap after
Heap after GC invocations=15 (full 1):
 PSYoungGen      total 124416K, used 13563K [0x00000000e0980000, 0x00000000e9a80000, 0x0000000100000000)
  eden space 108544K, 0% used [0x00000000e0980000,0x00000000e0980000,0x00000000e7380000)
  from space 15872K, 85% used [0x00000000e8480000,0x00000000e91bee28,0x00000000e9400000)
  to   space 17408K, 0% used [0x00000000e7380000,0x00000000e7380000,0x00000000e8480000)
 ParOldGen       total 58368K, used 31335K [0x00000000a1c00000, 0x00000000a5500000, 0x00000000e0980000)
  object space 58368K, 53% used [0x00000000a1c00000,0x00000000a3a99d58,0x00000000a5500000)
 Metaspace       used 23833K, capacity 24182K, committed 24448K, reserved 1071104K
  class space    used 2759K, capacity 2874K, committed 2944K, reserved 1048576K
}
Event: 42.906 GC heap before
{Heap before GC invocations=16 (full 1):
 PSYoungGen      total 124416K, used 122107K [0x00000000e0980000, 0x00000000e9a80000, 0x0000000100000000)
  eden space 108544K, 100% used [0x00000000e0980000,0x00000000e7380000,0x00000000e7380000)
  from space 15872K, 85% used [0x00000000e8480000,0x00000000e91bee28,0x00000000e9400000)
  to   space 17408K, 0% used [0x00000000e7380000,0x00000000e7380000,0x00000000e8480000)
 ParOldGen       total 58368K, used 31335K [0x00000000a1c00000, 0x00000000a5500000, 0x00000000e0980000)
  object space 58368K, 53% used [0x00000000a1c00000,0x00000000a3a99d58,0x00000000a5500000)
 Metaspace       used 23849K, capacity 24182K, committed 24448K, reserved 1071104K
  class space    used 2762K, capacity 2874K, committed 2944K, reserved 1048576K
Event: 42.947 GC heap after
Heap after GC invocations=16 (full 1):
 PSYoungGen      total 125952K, used 17397K [0x00000000e0980000, 0x00000000ece00000, 0x0000000100000000)
  eden space 108544K, 0% used [0x00000000e0980000,0x00000000e0980000,0x00000000e7380000)
  from space 17408K, 99% used [0x00000000e7380000,0x00000000e847d5f0,0x00000000e8480000)
  to   space 20480K, 0% used [0x00000000eba00000,0x00000000eba00000,0x00000000ece00000)
 ParOldGen       total 58368K, used 33753K [0x00000000a1c00000, 0x00000000a5500000, 0x00000000e0980000)
  object space 58368K, 57% used [0x00000000a1c00000,0x00000000a3cf6708,0x00000000a5500000)
 Metaspace       used 23849K, capacity 24182K, committed 24448K, reserved 1071104K
  class space    used 2762K, capacity 2874K, committed 2944K, reserved 1048576K
}

