# JRE version: Java(TM) SE Runtime Environment (8.0_65-b17) (build 1.8.0_65-b17)
# Java VM: Java HotSpot(TM) 64-Bit Server VM (25.65-b01 mixed mode windows-amd64 compressed oops)
Heap:
 PSYoungGen      total 41472K, used 13646K [0x00000000e0980000, 0x00000000e4380000, 0x0000000100000000)
  eden space 36864K, 37% used [0x00000000e0980000,0x00000000e16d3910,0x00000000e2d80000)
  from space 4608K, 0% used [0x00000000e2e80000,0x00000000e2e80000,0x00000000e3300000)
  to   space 11264K, 0% used [0x00000000e3880000,0x00000000e3880000,0x00000000e4380000)
 ParOldGen       total 63488K, used 20123K [0x00000000a1c00000, 0x00000000a5a00000, 0x00000000e0980000)
  object space 63488K, 31% used [0x00000000a1c00000,0x00000000a2fa6cf8,0x00000000a5a00000)
 Metaspace       used 23053K, capacity 23286K, committed 23344K, reserved 1069056K
  class space    used 2738K, capacity 2836K, committed 2864K, reserved 1048576K
GC Heap History (10 events):
Event: 20.192 GC heap before
{Heap before GC invocations=6 (full 0):
 PSYoungGen      total 28160K, used 28159K [0x00000000e0980000, 0x00000000e3000000, 0x0000000100000000)
  eden space 24064K, 100% used [0x00000000e0980000,0x00000000e2100000,0x00000000e2100000)
  from space 4096K, 99% used [0x00000000e2180000,0x00000000e257ffc8,0x00000000e2580000)
  to   space 7680K, 0% used [0x00000000e2880000,0x00000000e2880000,0x00000000e3000000)
 ParOldGen       total 65536K, used 6152K [0x00000000a1c00000, 0x00000000a5c00000, 0x00000000e0980000)
  object space 65536K, 9% used [0x00000000a1c00000,0x00000000a2202008,0x00000000a5c00000)
 Metaspace       used 17488K, capacity 17728K, committed 17920K, reserved 1064960K
  class space    used 2116K, capacity 2197K, committed 2304K, reserved 1048576K
Event: 20.259 GC heap after
Heap after GC invocations=6 (full 0):
 PSYoungGen      total 26624K, used 7665K [0x00000000e0980000, 0x00000000e3980000, 0x0000000100000000)
  eden space 18944K, 0% used [0x00000000e0980000,0x00000000e0980000,0x00000000e1c00000)
  from space 7680K, 99% used [0x00000000e2880000,0x00000000e2ffc408,0x00000000e3000000)
  to   space 12800K, 0% used [0x00000000e1c00000,0x00000000e1c00000,0x00000000e2880000)
 ParOldGen       total 65536K, used 13009K [0x00000000a1c00000, 0x00000000a5c00000, 0x00000000e0980000)
  object space 65536K, 19% used [0x00000000a1c00000,0x00000000a28b4758,0x00000000a5c00000)
 Metaspace       used 17488K, capacity 17728K, committed 17920K, reserved 1064960K
  class space    used 2116K, capacity 2197K, committed 2304K, reserved 1048576K
}
Event: 22.676 GC heap before
{Heap before GC invocations=7 (full 0):
 PSYoungGen      total 26624K, used 26609K [0x00000000e0980000, 0x00000000e3980000, 0x0000000100000000)
  eden space 18944K, 100% used [0x00000000e0980000,0x00000000e1c00000,0x00000000e1c00000)
  from space 7680K, 99% used [0x00000000e2880000,0x00000000e2ffc408,0x00000000e3000000)
  to   space 12800K, 0% used [0x00000000e1c00000,0x00000000e1c00000,0x00000000e2880000)
 ParOldGen       total 65536K, used 13009K [0x00000000a1c00000, 0x00000000a5c00000, 0x00000000e0980000)
  object space 65536K, 19% used [0x00000000a1c00000,0x00000000a28b4758,0x00000000a5c00000)
 Metaspace       used 17596K, capacity 17798K, committed 17920K, reserved 1064960K
  class space    used 2117K, capacity 2198K, committed 2304K, reserved 1048576K
Event: 22.727 GC heap after
Heap after GC invocations=7 (full 0):
 PSYoungGen      total 31744K, used 7025K [0x00000000e0980000, 0x00000000e4680000, 0x0000000100000000)
  eden space 18944K, 0% used [0x00000000e0980000,0x00000000e0980000,0x00000000e1c00000)
  from space 12800K, 54% used [0x00000000e1c00000,0x00000000e22dc408,0x00000000e2880000)
  to   space 12288K, 0% used [0x00000000e3a80000,0x00000000e3a80000,0x00000000e4680000)
 ParOldGen       total 65536K, used 14473K [0x00000000a1c00000, 0x00000000a5c00000, 0x00000000e0980000)
  object space 65536K, 22% used [0x00000000a1c00000,0x00000000a2a227a8,0x00000000a5c00000)
 Metaspace       used 17596K, capacity 17798K, committed 17920K, reserved 1064960K
  class space    used 2117K, capacity 2198K, committed 2304K, reserved 1048576K
}
Event: 27.337 GC heap before
{Heap before GC invocations=8 (full 0):
 PSYoungGen      total 31744K, used 25969K [0x00000000e0980000, 0x00000000e4680000, 0x0000000100000000)
  eden space 18944K, 100% used [0x00000000e0980000,0x00000000e1c00000,0x00000000e1c00000)
  from space 12800K, 54% used [0x00000000e1c00000,0x00000000e22dc408,0x00000000e2880000)
  to   space 12288K, 0% used [0x00000000e3a80000,0x00000000e3a80000,0x00000000e4680000)
 ParOldGen       total 65536K, used 14473K [0x00000000a1c00000, 0x00000000a5c00000, 0x00000000e0980000)
  object space 65536K, 22% used [0x00000000a1c00000,0x00000000a2a227a8,0x00000000a5c00000)
 Metaspace       used 17802K, capacity 18110K, committed 18432K, reserved 1064960K
  class space    used 2138K, capacity 2240K, committed 2304K, reserved 1048576K
Event: 27.363 GC heap after
Heap after GC invocations=8 (full 0):
 PSYoungGen      total 49152K, used 6293K [0x00000000e0980000, 0x00000000e4580000, 0x0000000100000000)
  eden space 37888K, 0% used [0x00000000e0980000,0x00000000e0980000,0x00000000e2e80000)
  from space 11264K, 55% used [0x00000000e3a80000,0x00000000e40a5518,0x00000000e4580000)
  to   space 11776K, 0% used [0x00000000e2e80000,0x00000000e2e80000,0x00000000e3a00000)
 ParOldGen       total 65536K, used 16139K [0x00000000a1c00000, 0x00000000a5c00000, 0x00000000e0980000)
  object space 65536K, 24% used [0x00000000a1c00000,0x00000000a2bc2fd8,0x00000000a5c00000)
 Metaspace       used 17802K, capacity 18110K, committed 18432K, reserved 1064960K
  class space    used 2138K, capacity 2240K, committed 2304K, reserved 1048576K
}
Event: 32.439 GC heap before
{Heap before GC invocations=9 (full 0):
 PSYoungGen      total 49152K, used 24469K [0x00000000e0980000, 0x00000000e4580000, 0x0000000100000000)
  eden space 37888K, 47% used [0x00000000e0980000,0x00000000e1b40020,0x00000000e2e80000)
  from space 11264K, 55% used [0x00000000e3a80000,0x00000000e40a5518,0x00000000e4580000)
  to   space 11776K, 0% used [0x00000000e2e80000,0x00000000e2e80000,0x00000000e3a00000)
 ParOldGen       total 65536K, used 16139K [0x00000000a1c00000, 0x00000000a5c00000, 0x00000000e0980000)
  object space 65536K, 24% used [0x00000000a1c00000,0x00000000a2bc2fd8,0x00000000a5c00000)
 Metaspace       used 20952K, capacity 21214K, committed 21296K, reserved 1069056K
  class space    used 2494K, capacity 2592K, committed 2608K, reserved 1048576K
Event: 32.464 GC heap after
Heap after GC invocations=9 (full 0):
 PSYoungGen      total 41472K, used 4466K [0x00000000e0980000, 0x00000000e4380000, 0x0000000100000000)
  eden space 36864K, 0% used [0x00000000e0980000,0x00000000e0980000,0x00000000e2d80000)
  from space 4608K, 96% used [0x00000000e2e80000,0x00000000e32dc8f8,0x00000000e3300000)
  to   space 11264K, 0% used [0x00000000e3880000,0x00000000e3880000,0x00000000e4380000)
 ParOldGen       total 65536K, used 20509K [0x00000000a1c00000, 0x00000000a5c00000, 0x00000000e0980000)
  object space 65536K, 31% used [0x00000000a1c00000,0x00000000a3007730,0x00000000a5c00000)
 Metaspace       used 20952K, capacity 21214K, committed 21296K, reserved 1069056K
  class space    used 2494K, capacity 2592K, committed 2608K, reserved 1048576K
}
Event: 32.464 GC heap before
{Heap before GC invocations=10 (full 1):
 PSYoungGen      total 41472K, used 4466K [0x00000000e0980000, 0x00000000e4380000, 0x0000000100000000)
  eden space 36864K, 0% used [0x00000000e0980000,0x00000000e0980000,0x00000000e2d80000)
  from space 4608K, 96% used [0x00000000e2e80000,0x00000000e32dc8f8,0x00000000e3300000)
  to   space 11264K, 0% used [0x00000000e3880000,0x00000000e3880000,0x00000000e4380000)
 ParOldGen       total 65536K, used 20509K [0x00000000a1c00000, 0x00000000a5c00000, 0x00000000e0980000)
  object space 65536K, 31% used [0x00000000a1c00000,0x00000000a3007730,0x00000000a5c00000)
 Metaspace       used 20952K, capacity 21214K, committed 21296K, reserved 1069056K
  class space    used 2494K, capacity 2592K, committed 2608K, reserved 1048576K
Event: 32.770 GC heap after
Heap after GC invocations=10 (full 1):
 PSYoungGen      total 41472K, used 0K [0x00000000e0980000, 0x00000000e4380000, 0x0000000100000000)
  eden space 36864K, 0% used [0x00000000e0980000,0x00000000e0980000,0x00000000e2d80000)
  from space 4608K, 0% used [0x00000000e2e80000,0x00000000e2e80000,0x00000000e3300000)
  to   space 11264K, 0% used [0x00000000e3880000,0x00000000e3880000,0x00000000e4380000)
 ParOldGen       total 63488K, used 20123K [0x00000000a1c00000, 0x00000000a5a00000, 0x00000000e0980000)
  object space 63488K, 31% used [0x00000000a1c00000,0x00000000a2fa6cf8,0x00000000a5a00000)
 Metaspace       used 20952K, capacity 21214K, committed 21296K, reserved 1069056K
  class space    used 2494K, capacity 2592K, committed 2608K, reserved 1048576K
}

