# JRE version: Java(TM) SE Runtime Environment (8.0_65-b17) (build 1.8.0_65-b17)
# Java VM: Java HotSpot(TM) 64-Bit Server VM (25.65-b01 mixed mode windows-amd64 compressed oops)
Heap:
 PSYoungGen      total 122880K, used 89178K [0x00000000e0980000, 0x00000000e9d00000, 0x0000000100000000)
  eden space 107520K, 68% used [0x00000000e0980000,0x00000000e5197f28,0x00000000e7280000)
  from space 15360K, 99% used [0x00000000e8480000,0x00000000e937eb28,0x00000000e9380000)
  to   space 18432K, 0% used [0x00000000e7280000,0x00000000e7280000,0x00000000e8480000)
 ParOldGen       total 62976K, used 24840K [0x00000000a1c00000, 0x00000000a5980000, 0x00000000e0980000)
  object space 62976K, 39% used [0x00000000a1c00000,0x00000000a3442318,0x00000000a5980000)
 Metaspace       used 23836K, capacity 24072K, committed 24240K, reserved 1071104K
  class space    used 2813K, capacity 2905K, committed 2992K, reserved 1048576K
GC Heap History (10 events):
Event: 21.167 GC heap before
{Heap before GC invocations=7 (full 0):
 PSYoungGen      total 51712K, used 51697K [0x00000000e0980000, 0x00000000e5280000, 0x0000000100000000)
  eden space 44032K, 100% used [0x00000000e0980000,0x00000000e3480000,0x00000000e3480000)
  from space 7680K, 99% used [0x00000000e4100000,0x00000000e487c408,0x00000000e4880000)
  to   space 12800K, 0% used [0x00000000e3480000,0x00000000e3480000,0x00000000e4100000)
 ParOldGen       total 65536K, used 13129K [0x00000000a1c00000, 0x00000000a5c00000, 0x00000000e0980000)
  object space 65536K, 20% used [0x00000000a1c00000,0x00000000a28d26c0,0x00000000a5c00000)
 Metaspace       used 17886K, capacity 18110K, committed 18432K, reserved 1064960K
  class space    used 2146K, capacity 2240K, committed 2304K, reserved 1048576K
Event: 21.210 GC heap after
Heap after GC invocations=7 (full 0):
 PSYoungGen      total 56832K, used 8790K [0x00000000e0980000, 0x00000000e7880000, 0x0000000100000000)
  eden space 44032K, 0% used [0x00000000e0980000,0x00000000e0980000,0x00000000e3480000)
  from space 12800K, 68% used [0x00000000e3480000,0x00000000e3d15a28,0x00000000e4100000)
  to   space 12800K, 0% used [0x00000000e6c00000,0x00000000e6c00000,0x00000000e7880000)
 ParOldGen       total 65536K, used 14425K [0x00000000a1c00000, 0x00000000a5c00000, 0x00000000e0980000)
  object space 65536K, 22% used [0x00000000a1c00000,0x00000000a2a166c0,0x00000000a5c00000)
 Metaspace       used 17886K, capacity 18110K, committed 18432K, reserved 1064960K
  class space    used 2146K, capacity 2240K, committed 2304K, reserved 1048576K
}
Event: 23.559 GC heap before
{Heap before GC invocations=8 (full 0):
 PSYoungGen      total 56832K, used 21077K [0x00000000e0980000, 0x00000000e7880000, 0x0000000100000000)
  eden space 44032K, 27% used [0x00000000e0980000,0x00000000e157fd08,0x00000000e3480000)
  from space 12800K, 68% used [0x00000000e3480000,0x00000000e3d15a28,0x00000000e4100000)
  to   space 12800K, 0% used [0x00000000e6c00000,0x00000000e6c00000,0x00000000e7880000)
 ParOldGen       total 65536K, used 14425K [0x00000000a1c00000, 0x00000000a5c00000, 0x00000000e0980000)
  object space 65536K, 22% used [0x00000000a1c00000,0x00000000a2a166c0,0x00000000a5c00000)
 Metaspace       used 20971K, capacity 21214K, committed 21296K, reserved 1069056K
  class space    used 2493K, capacity 2592K, committed 2608K, reserved 1048576K
Event: 23.593 GC heap after
Heap after GC invocations=8 (full 0):
 PSYoungGen      total 100864K, used 8541K [0x00000000e0980000, 0x00000000e7880000, 0x0000000100000000)
  eden space 88064K, 0% used [0x00000000e0980000,0x00000000e0980000,0x00000000e5f80000)
  from space 12800K, 66% used [0x00000000e6c00000,0x00000000e7457610,0x00000000e7880000)
  to   space 12800K, 0% used [0x00000000e5f80000,0x00000000e5f80000,0x00000000e6c00000)
 ParOldGen       total 65536K, used 16187K [0x00000000a1c00000, 0x00000000a5c00000, 0x00000000e0980000)
  object space 65536K, 24% used [0x00000000a1c00000,0x00000000a2bceef0,0x00000000a5c00000)
 Metaspace       used 20971K, capacity 21214K, committed 21296K, reserved 1069056K
  class space    used 2493K, capacity 2592K, committed 2608K, reserved 1048576K
}
Event: 23.593 GC heap before
{Heap before GC invocations=9 (full 1):
 PSYoungGen      total 100864K, used 8541K [0x00000000e0980000, 0x00000000e7880000, 0x0000000100000000)
  eden space 88064K, 0% used [0x00000000e0980000,0x00000000e0980000,0x00000000e5f80000)
  from space 12800K, 66% used [0x00000000e6c00000,0x00000000e7457610,0x00000000e7880000)
  to   space 12800K, 0% used [0x00000000e5f80000,0x00000000e5f80000,0x00000000e6c00000)
 ParOldGen       total 65536K, used 16187K [0x00000000a1c00000, 0x00000000a5c00000, 0x00000000e0980000)
  object space 65536K, 24% used [0x00000000a1c00000,0x00000000a2bceef0,0x00000000a5c00000)
 Metaspace       used 20971K, capacity 21214K, committed 21296K, reserved 1069056K
  class space    used 2493K, capacity 2592K, committed 2608K, reserved 1048576K
Event: 23.963 GC heap after
Heap after GC invocations=9 (full 1):
 PSYoungGen      total 100864K, used 0K [0x00000000e0980000, 0x00000000e7880000, 0x0000000100000000)
  eden space 88064K, 0% used [0x00000000e0980000,0x00000000e0980000,0x00000000e5f80000)
  from space 12800K, 0% used [0x00000000e6c00000,0x00000000e6c00000,0x00000000e7880000)
  to   space 12800K, 0% used [0x00000000e5f80000,0x00000000e5f80000,0x00000000e6c00000)
 ParOldGen       total 62976K, used 19719K [0x00000000a1c00000, 0x00000000a5980000, 0x00000000e0980000)
  object space 62976K, 31% used [0x00000000a1c00000,0x00000000a2f41f28,0x00000000a5980000)
 Metaspace       used 20971K, capacity 21214K, committed 21296K, reserved 1069056K
  class space    used 2493K, capacity 2592K, committed 2608K, reserved 1048576K
}
Event: 32.895 GC heap before
{Heap before GC invocations=10 (full 1):
 PSYoungGen      total 100864K, used 88064K [0x00000000e0980000, 0x00000000e7880000, 0x0000000100000000)
  eden space 88064K, 100% used [0x00000000e0980000,0x00000000e5f80000,0x00000000e5f80000)
  from space 12800K, 0% used [0x00000000e6c00000,0x00000000e6c00000,0x00000000e7880000)
  to   space 12800K, 0% used [0x00000000e5f80000,0x00000000e5f80000,0x00000000e6c00000)
 ParOldGen       total 62976K, used 19719K [0x00000000a1c00000, 0x00000000a5980000, 0x00000000e0980000)
  object space 62976K, 31% used [0x00000000a1c00000,0x00000000a2f41f28,0x00000000a5980000)
 Metaspace       used 23820K, capacity 24072K, committed 24240K, reserved 1071104K
  class space    used 2811K, capacity 2905K, committed 2992K, reserved 1048576K
Event: 32.933 GC heap after
Heap after GC invocations=10 (full 1):
 PSYoungGen      total 100864K, used 12770K [0x00000000e0980000, 0x00000000e9380000, 0x0000000100000000)
  eden space 88064K, 0% used [0x00000000e0980000,0x00000000e0980000,0x00000000e5f80000)
  from space 12800K, 99% used [0x00000000e5f80000,0x00000000e6bf88c0,0x00000000e6c00000)
  to   space 15360K, 0% used [0x00000000e8480000,0x00000000e8480000,0x00000000e9380000)
 ParOldGen       total 62976K, used 21745K [0x00000000a1c00000, 0x00000000a5980000, 0x00000000e0980000)
  object space 62976K, 34% used [0x00000000a1c00000,0x00000000a313c4e0,0x00000000a5980000)
 Metaspace       used 23820K, capacity 24072K, committed 24240K, reserved 1071104K
  class space    used 2811K, capacity 2905K, committed 2992K, reserved 1048576K
}
Event: 33.843 GC heap before
{Heap before GC invocations=11 (full 1):
 PSYoungGen      total 100864K, used 100834K [0x00000000e0980000, 0x00000000e9380000, 0x0000000100000000)
  eden space 88064K, 100% used [0x00000000e0980000,0x00000000e5f80000,0x00000000e5f80000)
  from space 12800K, 99% used [0x00000000e5f80000,0x00000000e6bf88c0,0x00000000e6c00000)
  to   space 15360K, 0% used [0x00000000e8480000,0x00000000e8480000,0x00000000e9380000)
 ParOldGen       total 62976K, used 21745K [0x00000000a1c00000, 0x00000000a5980000, 0x00000000e0980000)
  object space 62976K, 34% used [0x00000000a1c00000,0x00000000a313c4e0,0x00000000a5980000)
 Metaspace       used 23825K, capacity 24072K, committed 24240K, reserved 1071104K
  class space    used 2811K, capacity 2905K, committed 2992K, reserved 1048576K
Event: 33.867 GC heap after
Heap after GC invocations=11 (full 1):
 PSYoungGen      total 122880K, used 15354K [0x00000000e0980000, 0x00000000e9d00000, 0x0000000100000000)
  eden space 107520K, 0% used [0x00000000e0980000,0x00000000e0980000,0x00000000e7280000)
  from space 15360K, 99% used [0x00000000e8480000,0x00000000e937eb28,0x00000000e9380000)
  to   space 18432K, 0% used [0x00000000e7280000,0x00000000e7280000,0x00000000e8480000)
 ParOldGen       total 62976K, used 24840K [0x00000000a1c00000, 0x00000000a5980000, 0x00000000e0980000)
  object space 62976K, 39% used [0x00000000a1c00000,0x00000000a3442318,0x00000000a5980000)
 Metaspace       used 23825K, capacity 24072K, committed 24240K, reserved 1071104K
  class space    used 2811K, capacity 2905K, committed 2992K, reserved 1048576K
}

